# JRE version: Java(TM) SE Runtime Environment (8.0_31-b13) (build 1.8.0_31-b13)
# Java VM: Java HotSpot(TM) 64-Bit Server VM (25.31-b07 mixed mode bsd-amd64 compressed oops)
Heap:
 PSYoungGen      total 103424K, used 77613K [0x000000076ab00000, 0x0000000774680000, 0x00000007c0000000)
  eden space 49664K, 99% used [0x000000076ab00000,0x000000076db7b0d0,0x000000076db80000)
  from space 53760K, 52% used [0x0000000771200000,0x0000000772d50438,0x0000000774680000)
  to   space 54784K, 0% used [0x000000076db80000,0x000000076db80000,0x0000000771100000)
 ParOldGen       total 1252352K, used 956836K [0x00000006c0000000, 0x000000070c700000, 0x000000076ab00000)
  object space 1252352K, 76% used [0x00000006c0000000,0x00000006fa669220,0x000000070c700000)
 Metaspace       used 20547K, capacity 21029K, committed 21376K, reserved 1069056K
  class space    used 2242K, capacity 2347K, committed 2432K, reserved 1048576K
GC Heap History (10 events):
Event: 125.406 GC heap before
{Heap before GC invocations=171 (full 11):
 PSYoungGen      total 54784K, used 54776K [0x000000076ab00000, 0x0000000775e00000, 0x00000007c0000000)
  eden space 45568K, 100% used [0x000000076ab00000,0x000000076d780000,0x000000076d780000)
  from space 9216K, 99% used [0x000000076d780000,0x000000076e07e208,0x000000076e080000)
  to   space 68096K, 0% used [0x0000000771b80000,0x0000000771b80000,0x0000000775e00000)
 ParOldGen       total 1252352K, used 955356K [0x00000006c0000000, 0x000000070c700000, 0x000000076ab00000)
  object space 1252352K, 76% used [0x00000006c0000000,0x00000006fa4f71b8,0x000000070c700000)
 Metaspace       used 20124K, capacity 20549K, committed 20864K, reserved 1067008K
  class space    used 2198K, capacity 2315K, committed 2432K, reserved 1048576K
Event: 125.415 GC heap after
Heap after GC invocations=171 (full 11):
 PSYoungGen      total 109056K, used 14140K [0x000000076ab00000, 0x0000000775800000, 0x00000007c0000000)
  eden space 47104K, 0% used [0x000000076ab00000,0x000000076ab00000,0x000000076d900000)
  from space 61952K, 22% used [0x0000000771b80000,0x000000077294f308,0x0000000775800000)
  to   space 65024K, 0% used [0x000000076d900000,0x000000076d900000,0x0000000771880000)
 ParOldGen       total 1252352K, used 955364K [0x00000006c0000000, 0x000000070c700000, 0x000000076ab00000)
  object space 1252352K, 76% used [0x00000006c0000000,0x00000006fa4f91b8,0x000000070c700000)
 Metaspace       used 20124K, capacity 20549K, committed 20864K, reserved 1067008K
  class space    used 2198K, capacity 2315K, committed 2432K, reserved 1048576K
}
Event: 125.535 GC heap before
{Heap before GC invocations=172 (full 11):
 PSYoungGen      total 109056K, used 61195K [0x000000076ab00000, 0x0000000775800000, 0x00000007c0000000)
  eden space 47104K, 99% used [0x000000076ab00000,0x000000076d8f3960,0x000000076d900000)
  from space 61952K, 22% used [0x0000000771b80000,0x000000077294f308,0x0000000775800000)
  to   space 65024K, 0% used [0x000000076d900000,0x000000076d900000,0x0000000771880000)
 ParOldGen       total 1252352K, used 955364K [0x00000006c0000000, 0x000000070c700000, 0x000000076ab00000)
  object space 1252352K, 76% used [0x00000006c0000000,0x00000006fa4f91b8,0x000000070c700000)
 Metaspace       used 20374K, capacity 20805K, committed 21120K, reserved 1069056K
  class space    used 2221K, capacity 2315K, committed 2432K, reserved 1048576K
Event: 125.546 GC heap after
Heap after GC invocations=172 (full 11):
 PSYoungGen      total 68608K, used 21247K [0x000000076ab00000, 0x0000000775180000, 0x00000007c0000000)
  eden space 47104K, 0% used [0x000000076ab00000,0x000000076ab00000,0x000000076d900000)
  from space 21504K, 98% used [0x000000076d900000,0x000000076edbfe60,0x000000076ee00000)
  to   space 60928K, 0% used [0x0000000771600000,0x0000000771600000,0x0000000775180000)
 ParOldGen       total 1252352K, used 955372K [0x00000006c0000000, 0x000000070c700000, 0x000000076ab00000)
  object space 1252352K, 76% used [0x00000006c0000000,0x00000006fa4fb1b8,0x000000070c700000)
 Metaspace       used 20374K, capacity 20805K, committed 21120K, reserved 1069056K
  class space    used 2221K, capacity 2315K, committed 2432K, reserved 1048576K
}
Event: 126.020 GC heap before
{Heap before GC invocations=173 (full 11):
 PSYoungGen      total 68608K, used 68344K [0x000000076ab00000, 0x0000000775180000, 0x00000007c0000000)
  eden space 47104K, 99% used [0x000000076ab00000,0x000000076d8fe1b0,0x000000076d900000)
  from space 21504K, 98% used [0x000000076d900000,0x000000076edbfe60,0x000000076ee00000)
  to   space 60928K, 0% used [0x0000000771600000,0x0000000771600000,0x0000000775180000)
 ParOldGen       total 1252352K, used 955372K [0x00000006c0000000, 0x000000070c700000, 0x000000076ab00000)
  object space 1252352K, 76% used [0x00000006c0000000,0x00000006fa4fb1b8,0x000000070c700000)
 Metaspace       used 20538K, capacity 21029K, committed 21376K, reserved 1069056K
  class space    used 2242K, capacity 2347K, committed 2432K, reserved 1048576K
Event: 126.036 GC heap after
Heap after GC invocations=173 (full 11):
 PSYoungGen      total 105472K, used 10454K [0x000000076ab00000, 0x0000000774d80000, 0x00000007c0000000)
  eden space 48640K, 0% used [0x000000076ab00000,0x000000076ab00000,0x000000076da80000)
  from space 56832K, 18% used [0x0000000771600000,0x0000000772035b48,0x0000000774d80000)
  to   space 58880K, 0% used [0x000000076da80000,0x000000076da80000,0x0000000771400000)
 ParOldGen       total 1252352K, used 956418K [0x00000006c0000000, 0x000000070c700000, 0x000000076ab00000)
  object space 1252352K, 76% used [0x00000006c0000000,0x00000006fa600a10,0x000000070c700000)
 Metaspace       used 20538K, capacity 21029K, committed 21376K, reserved 1069056K
  class space    used 2242K, capacity 2347K, committed 2432K, reserved 1048576K
}
Event: 126.213 GC heap before
{Heap before GC invocations=174 (full 11):
 PSYoungGen      total 105472K, used 59074K [0x000000076ab00000, 0x0000000774d80000, 0x00000007c0000000)
  eden space 48640K, 99% used [0x000000076ab00000,0x000000076da7aed8,0x000000076da80000)
  from space 56832K, 18% used [0x0000000771600000,0x0000000772035b48,0x0000000774d80000)
  to   space 58880K, 0% used [0x000000076da80000,0x000000076da80000,0x0000000771400000)
 ParOldGen       total 1252352K, used 956418K [0x00000006c0000000, 0x000000070c700000, 0x000000076ab00000)
  object space 1252352K, 76% used [0x00000006c0000000,0x00000006fa600a10,0x000000070c700000)
 Metaspace       used 20544K, capacity 21029K, committed 21376K, reserved 1069056K
  class space    used 2242K, capacity 2347K, committed 2432K, reserved 1048576K
Event: 126.224 GC heap after
Heap after GC invocations=174 (full 11):
 PSYoungGen      total 69632K, used 20549K [0x000000076ab00000, 0x0000000774800000, 0x00000007c0000000)
  eden space 48640K, 0% used [0x000000076ab00000,0x000000076ab00000,0x000000076da80000)
  from space 20992K, 97% used [0x000000076da80000,0x000000076ee91418,0x000000076ef00000)
  to   space 55296K, 0% used [0x0000000771200000,0x0000000771200000,0x0000000774800000)
 ParOldGen       total 1252352K, used 956474K [0x00000006c0000000, 0x000000070c700000, 0x000000076ab00000)
  object space 1252352K, 76% used [0x00000006c0000000,0x00000006fa60ea10,0x000000070c700000)
 Metaspace       used 20544K, capacity 21029K, committed 21376K, reserved 1069056K
  class space    used 2242K, capacity 2347K, committed 2432K, reserved 1048576K
}
Event: 126.715 GC heap before
{Heap before GC invocations=175 (full 11):
 PSYoungGen      total 69632K, used 69163K [0x000000076ab00000, 0x0000000774800000, 0x00000007c0000000)
  eden space 48640K, 99% used [0x000000076ab00000,0x000000076da79b28,0x000000076da80000)
  from space 20992K, 97% used [0x000000076da80000,0x000000076ee91418,0x000000076ef00000)
  to   space 55296K, 0% used [0x0000000771200000,0x0000000771200000,0x0000000774800000)
 ParOldGen       total 1252352K, used 956474K [0x00000006c0000000, 0x000000070c700000, 0x000000076ab00000)
  object space 1252352K, 76% used [0x00000006c0000000,0x00000006fa60ea10,0x000000070c700000)
 Metaspace       used 20544K, capacity 21029K, committed 21376K, reserved 1069056K
  class space    used 2242K, capacity 2347K, committed 2432K, reserved 1048576K
Event: 126.726 GC heap after
Heap after GC invocations=175 (full 11):
 PSYoungGen      total 103424K, used 27969K [0x000000076ab00000, 0x0000000774680000, 0x00000007c0000000)
  eden space 49664K, 0% used [0x000000076ab00000,0x000000076ab00000,0x000000076db80000)
  from space 53760K, 52% used [0x0000000771200000,0x0000000772d50438,0x0000000774680000)
  to   space 54784K, 0% used [0x000000076db80000,0x000000076db80000,0x0000000771100000)
 ParOldGen       total 1252352K, used 956836K [0x00000006c0000000, 0x000000070c700000, 0x000000076ab00000)
  object space 1252352K, 76% used [0x00000006c0000000,0x00000006fa669220,0x000000070c700000)
 Metaspace       used 20544K, capacity 21029K, committed 21376K, reserved 1069056K
  class space    used 2242K, capacity 2347K, committed 2432K, reserved 1048576K
}

