# JRE version: Java(TM) SE Runtime Environment (8.0_31-b13) (build 1.8.0_31-b13)
# Java VM: Java HotSpot(TM) 64-Bit Server VM (25.31-b07 mixed mode bsd-amd64 compressed oops)
Heap:
 PSYoungGen      total 110592K, used 74179K [0x000000076ab00000, 0x0000000775d80000, 0x00000007c0000000)
  eden space 41472K, 100% used [0x000000076ab00000,0x000000076d380000,0x000000076d380000)
  from space 69120K, 47% used [0x0000000771a00000,0x00000007739f0d90,0x0000000775d80000)
  to   space 70656K, 0% used [0x000000076d380000,0x000000076d380000,0x0000000771880000)
 ParOldGen       total 1264640K, used 1035243K [0x00000006c0000000, 0x000000070d300000, 0x000000076ab00000)
  object space 1264640K, 81% used [0x00000006c0000000,0x00000006ff2facd8,0x000000070d300000)
 Metaspace       used 20582K, capacity 21037K, committed 21376K, reserved 1069056K
  class space    used 2245K, capacity 2347K, committed 2432K, reserved 1048576K
GC Heap History (10 events):
Event: 92.303 GC heap before
{Heap before GC invocations=147 (full 11):
 PSYoungGen      total 112640K, used 39636K [0x000000076ab00000, 0x0000000776680000, 0x00000007c0000000)
  eden space 36864K, 99% used [0x000000076ab00000,0x000000076cefe470,0x000000076cf00000)
  from space 75776K, 3% used [0x000000076cf00000,0x000000076d1b6c40,0x0000000771900000)
  to   space 76800K, 0% used [0x0000000771b80000,0x0000000771b80000,0x0000000776680000)
 ParOldGen       total 1264640K, used 1033795K [0x00000006c0000000, 0x000000070d300000, 0x000000076ab00000)
  object space 1264640K, 81% used [0x00000006c0000000,0x00000006ff190cd8,0x000000070d300000)
 Metaspace       used 20407K, capacity 20813K, committed 21120K, reserved 1069056K
  class space    used 2224K, capacity 2315K, committed 2432K, reserved 1048576K
Event: 92.317 GC heap after
Heap after GC invocations=147 (full 11):
 PSYoungGen      total 111104K, used 13249K [0x000000076ab00000, 0x0000000776280000, 0x00000007c0000000)
  eden space 38400K, 0% used [0x000000076ab00000,0x000000076ab00000,0x000000076d080000)
  from space 72704K, 18% used [0x0000000771b80000,0x0000000772870458,0x0000000776280000)
  to   space 74752K, 0% used [0x000000076d080000,0x000000076d080000,0x0000000771980000)
 ParOldGen       total 1264640K, used 1034011K [0x00000006c0000000, 0x000000070d300000, 0x000000076ab00000)
  object space 1264640K, 81% used [0x00000006c0000000,0x00000006ff1c6cd8,0x000000070d300000)
 Metaspace       used 20407K, capacity 20813K, committed 21120K, reserved 1069056K
  class space    used 2224K, capacity 2315K, committed 2432K, reserved 1048576K
}
Event: 93.308 GC heap before
{Heap before GC invocations=148 (full 11):
 PSYoungGen      total 111104K, used 51649K [0x000000076ab00000, 0x0000000776280000, 0x00000007c0000000)
  eden space 38400K, 100% used [0x000000076ab00000,0x000000076d080000,0x000000076d080000)
  from space 72704K, 18% used [0x0000000771b80000,0x0000000772870458,0x0000000776280000)
  to   space 74752K, 0% used [0x000000076d080000,0x000000076d080000,0x0000000771980000)
 ParOldGen       total 1264640K, used 1034011K [0x00000006c0000000, 0x000000070d300000, 0x000000076ab00000)
  object space 1264640K, 81% used [0x00000006c0000000,0x00000006ff1c6cd8,0x000000070d300000)
 Metaspace       used 20574K, capacity 21037K, committed 21376K, reserved 1069056K
  class space    used 2245K, capacity 2347K, committed 2432K, reserved 1048576K
Event: 93.344 GC heap after
Heap after GC invocations=148 (full 11):
 PSYoungGen      total 113152K, used 3726K [0x000000076ab00000, 0x0000000776400000, 0x00000007c0000000)
  eden space 38400K, 0% used [0x000000076ab00000,0x000000076ab00000,0x000000076d080000)
  from space 74752K, 4% used [0x000000076d080000,0x000000076d423b20,0x0000000771980000)
  to   space 74752K, 0% used [0x0000000771b00000,0x0000000771b00000,0x0000000776400000)
 ParOldGen       total 1264640K, used 1034283K [0x00000006c0000000, 0x000000070d300000, 0x000000076ab00000)
  object space 1264640K, 81% used [0x00000006c0000000,0x00000006ff20acd8,0x000000070d300000)
 Metaspace       used 20574K, capacity 21037K, committed 21376K, reserved 1069056K
  class space    used 2245K, capacity 2347K, committed 2432K, reserved 1048576K
}
Event: 93.616 GC heap before
{Heap before GC invocations=149 (full 11):
 PSYoungGen      total 113152K, used 42126K [0x000000076ab00000, 0x0000000776400000, 0x00000007c0000000)
  eden space 38400K, 100% used [0x000000076ab00000,0x000000076d080000,0x000000076d080000)
  from space 74752K, 4% used [0x000000076d080000,0x000000076d423b20,0x0000000771980000)
  to   space 74752K, 0% used [0x0000000771b00000,0x0000000771b00000,0x0000000776400000)
 ParOldGen       total 1264640K, used 1034283K [0x00000006c0000000, 0x000000070d300000, 0x000000076ab00000)
  object space 1264640K, 81% used [0x00000006c0000000,0x00000006ff20acd8,0x000000070d300000)
 Metaspace       used 20579K, capacity 21037K, committed 21376K, reserved 1069056K
  class space    used 2245K, capacity 2347K, committed 2432K, reserved 1048576K
Event: 93.625 GC heap after
Heap after GC invocations=149 (full 11):
 PSYoungGen      total 112640K, used 3502K [0x000000076ab00000, 0x0000000776200000, 0x00000007c0000000)
  eden space 39936K, 0% used [0x000000076ab00000,0x000000076ab00000,0x000000076d200000)
  from space 72704K, 4% used [0x0000000771b00000,0x0000000771e6bb20,0x0000000776200000)
  to   space 73728K, 0% used [0x000000076d200000,0x000000076d200000,0x0000000771a00000)
 ParOldGen       total 1264640K, used 1034515K [0x00000006c0000000, 0x000000070d300000, 0x000000076ab00000)
  object space 1264640K, 81% used [0x00000006c0000000,0x00000006ff244cd8,0x000000070d300000)
 Metaspace       used 20579K, capacity 21037K, committed 21376K, reserved 1069056K
  class space    used 2245K, capacity 2347K, committed 2432K, reserved 1048576K
}
Event: 93.719 GC heap before
{Heap before GC invocations=150 (full 11):
 PSYoungGen      total 112640K, used 43413K [0x000000076ab00000, 0x0000000776200000, 0x00000007c0000000)
  eden space 39936K, 99% used [0x000000076ab00000,0x000000076d1f9c50,0x000000076d200000)
  from space 72704K, 4% used [0x0000000771b00000,0x0000000771e6bb20,0x0000000776200000)
  to   space 73728K, 0% used [0x000000076d200000,0x000000076d200000,0x0000000771a00000)
 ParOldGen       total 1264640K, used 1034515K [0x00000006c0000000, 0x000000070d300000, 0x000000076ab00000)
  object space 1264640K, 81% used [0x00000006c0000000,0x00000006ff244cd8,0x000000070d300000)
 Metaspace       used 20580K, capacity 21037K, committed 21376K, reserved 1069056K
  class space    used 2245K, capacity 2347K, committed 2432K, reserved 1048576K
Event: 93.733 GC heap after
Heap after GC invocations=150 (full 11):
 PSYoungGen      total 113664K, used 33780K [0x000000076ab00000, 0x0000000776080000, 0x00000007c0000000)
  eden space 39936K, 0% used [0x000000076ab00000,0x000000076ab00000,0x000000076d200000)
  from space 73728K, 45% used [0x000000076d200000,0x000000076f2fd0c0,0x0000000771a00000)
  to   space 72192K, 0% used [0x0000000771a00000,0x0000000771a00000,0x0000000776080000)
 ParOldGen       total 1264640K, used 1034995K [0x00000006c0000000, 0x000000070d300000, 0x000000076ab00000)
  object space 1264640K, 81% used [0x00000006c0000000,0x00000006ff2bccd8,0x000000070d300000)
 Metaspace       used 20580K, capacity 21037K, committed 21376K, reserved 1069056K
  class space    used 2245K, capacity 2347K, committed 2432K, reserved 1048576K
}
Event: 94.435 GC heap before
{Heap before GC invocations=151 (full 11):
 PSYoungGen      total 113664K, used 73669K [0x000000076ab00000, 0x0000000776080000, 0x00000007c0000000)
  eden space 39936K, 99% used [0x000000076ab00000,0x000000076d1f45b8,0x000000076d200000)
  from space 73728K, 45% used [0x000000076d200000,0x000000076f2fd0c0,0x0000000771a00000)
  to   space 72192K, 0% used [0x0000000771a00000,0x0000000771a00000,0x0000000776080000)
 ParOldGen       total 1264640K, used 1034995K [0x00000006c0000000, 0x000000070d300000, 0x000000076ab00000)
  object space 1264640K, 81% used [0x00000006c0000000,0x00000006ff2bccd8,0x000000070d300000)
 Metaspace       used 20581K, capacity 21037K, committed 21376K, reserved 1069056K
  class space    used 2245K, capacity 2347K, committed 2432K, reserved 1048576K
Event: 94.459 GC heap after
Heap after GC invocations=151 (full 11):
 PSYoungGen      total 110592K, used 32707K [0x000000076ab00000, 0x0000000775d80000, 0x00000007c0000000)
  eden space 41472K, 0% used [0x000000076ab00000,0x000000076ab00000,0x000000076d380000)
  from space 69120K, 47% used [0x0000000771a00000,0x00000007739f0d90,0x0000000775d80000)
  to   space 70656K, 0% used [0x000000076d380000,0x000000076d380000,0x0000000771880000)
 ParOldGen       total 1264640K, used 1035243K [0x00000006c0000000, 0x000000070d300000, 0x000000076ab00000)
  object space 1264640K, 81% used [0x00000006c0000000,0x00000006ff2facd8,0x000000070d300000)
 Metaspace       used 20581K, capacity 21037K, committed 21376K, reserved 1069056K
  class space    used 2245K, capacity 2347K, committed 2432K, reserved 1048576K
}

