# JRE version: Java(TM) SE Runtime Environment (8.0_31-b13) (build 1.8.0_31-b13)
# Java VM: Java HotSpot(TM) 64-Bit Server VM (25.31-b07 mixed mode bsd-amd64 compressed oops)
Heap:
 PSYoungGen      total 61440K, used 61105K [0x000000076ab00000, 0x0000000778480000, 0x00000007c0000000)
  eden space 50688K, 99% used [0x000000076ab00000,0x000000076dc7d100,0x000000076dc80000)
  from space 10752K, 96% used [0x000000076dc80000,0x000000076e6af318,0x000000076e700000)
  to   space 84992K, 0% used [0x0000000773180000,0x0000000773180000,0x0000000778480000)
 ParOldGen       total 1201664K, used 1077189K [0x00000006c0000000, 0x0000000709580000, 0x000000076ab00000)
  object space 1201664K, 89% used [0x00000006c0000000,0x0000000701bf1708,0x0000000709580000)
 Metaspace       used 20540K, capacity 21037K, committed 21376K, reserved 1069056K
  class space    used 2242K, capacity 2347K, committed 2432K, reserved 1048576K
GC Heap History (10 events):
Event: 105.178 GC heap before
{Heap before GC invocations=154 (full 9):
 PSYoungGen      total 146944K, used 53289K [0x000000076ab00000, 0x000000077a400000, 0x00000007c0000000)
  eden space 46080K, 100% used [0x000000076ab00000,0x000000076d800000,0x000000076d800000)
  from space 100864K, 7% used [0x0000000774180000,0x000000077488a6a0,0x000000077a400000)
  to   space 104448K, 0% used [0x000000076d800000,0x000000076d800000,0x0000000773e00000)
 ParOldGen       total 1201664K, used 1076363K [0x00000006c0000000, 0x0000000709580000, 0x000000076ab00000)
  object space 1201664K, 89% used [0x00000006c0000000,0x0000000701b22ef8,0x0000000709580000)
 Metaspace       used 20116K, capacity 20557K, committed 20864K, reserved 1067008K
  class space    used 2198K, capacity 2315K, committed 2432K, reserved 1048576K
Event: 105.188 GC heap after
Heap after GC invocations=154 (full 9):
 PSYoungGen      total 61440K, used 15235K [0x000000076ab00000, 0x0000000779e00000, 0x00000007c0000000)
  eden space 46080K, 0% used [0x000000076ab00000,0x000000076ab00000,0x000000076d800000)
  from space 15360K, 99% used [0x000000076d800000,0x000000076e6e0d18,0x000000076e700000)
  to   space 99840K, 0% used [0x0000000773c80000,0x0000000773c80000,0x0000000779e00000)
 ParOldGen       total 1201664K, used 1076371K [0x00000006c0000000, 0x0000000709580000, 0x000000076ab00000)
  object space 1201664K, 89% used [0x00000006c0000000,0x0000000701b24ef8,0x0000000709580000)
 Metaspace       used 20116K, capacity 20557K, committed 20864K, reserved 1067008K
  class space    used 2198K, capacity 2315K, committed 2432K, reserved 1048576K
}
Event: 105.426 GC heap before
{Heap before GC invocations=155 (full 9):
 PSYoungGen      total 61440K, used 61315K [0x000000076ab00000, 0x0000000779e00000, 0x00000007c0000000)
  eden space 46080K, 100% used [0x000000076ab00000,0x000000076d800000,0x000000076d800000)
  from space 15360K, 99% used [0x000000076d800000,0x000000076e6e0d18,0x000000076e700000)
  to   space 99840K, 0% used [0x0000000773c80000,0x0000000773c80000,0x0000000779e00000)
 ParOldGen       total 1201664K, used 1076371K [0x00000006c0000000, 0x0000000709580000, 0x000000076ab00000)
  object space 1201664K, 89% used [0x00000006c0000000,0x0000000701b24ef8,0x0000000709580000)
 Metaspace       used 20521K, capacity 21037K, committed 21376K, reserved 1069056K
  class space    used 2242K, capacity 2347K, committed 2432K, reserved 1048576K
Event: 105.435 GC heap after
Heap after GC invocations=155 (full 9):
 PSYoungGen      total 141824K, used 4304K [0x000000076ab00000, 0x0000000779780000, 0x00000007c0000000)
  eden space 48640K, 0% used [0x000000076ab00000,0x000000076ab00000,0x000000076da80000)
  from space 93184K, 4% used [0x0000000773c80000,0x00000007740b42d0,0x0000000779780000)
  to   space 96768K, 0% used [0x000000076da80000,0x000000076da80000,0x0000000773900000)
 ParOldGen       total 1201664K, used 1076379K [0x00000006c0000000, 0x0000000709580000, 0x000000076ab00000)
  object space 1201664K, 89% used [0x00000006c0000000,0x0000000701b26ef8,0x0000000709580000)
 Metaspace       used 20521K, capacity 21037K, committed 21376K, reserved 1069056K
  class space    used 2242K, capacity 2347K, committed 2432K, reserved 1048576K
}
Event: 105.838 GC heap before
{Heap before GC invocations=156 (full 9):
 PSYoungGen      total 141824K, used 52944K [0x000000076ab00000, 0x0000000779780000, 0x00000007c0000000)
  eden space 48640K, 100% used [0x000000076ab00000,0x000000076da80000,0x000000076da80000)
  from space 93184K, 4% used [0x0000000773c80000,0x00000007740b42d0,0x0000000779780000)
  to   space 96768K, 0% used [0x000000076da80000,0x000000076da80000,0x0000000773900000)
 ParOldGen       total 1201664K, used 1076379K [0x00000006c0000000, 0x0000000709580000, 0x000000076ab00000)
  object space 1201664K, 89% used [0x00000006c0000000,0x0000000701b26ef8,0x0000000709580000)
 Metaspace       used 20531K, capacity 21037K, committed 21376K, reserved 1069056K
  class space    used 2242K, capacity 2347K, committed 2432K, reserved 1048576K
Event: 105.848 GC heap after
Heap after GC invocations=156 (full 9):
 PSYoungGen      total 52736K, used 3886K [0x000000076ab00000, 0x0000000779400000, 0x00000007c0000000)
  eden space 48640K, 0% used [0x000000076ab00000,0x000000076ab00000,0x000000076da80000)
  from space 4096K, 94% used [0x000000076da80000,0x000000076de4bb20,0x000000076de80000)
  to   space 93696K, 0% used [0x0000000773880000,0x0000000773880000,0x0000000779400000)
 ParOldGen       total 1201664K, used 1076541K [0x00000006c0000000, 0x0000000709580000, 0x000000076ab00000)
  object space 1201664K, 89% used [0x00000006c0000000,0x0000000701b4f708,0x0000000709580000)
 Metaspace       used 20531K, capacity 21037K, committed 21376K, reserved 1069056K
  class space    used 2242K, capacity 2347K, committed 2432K, reserved 1048576K
}
Event: 106.046 GC heap before
{Heap before GC invocations=157 (full 9):
 PSYoungGen      total 52736K, used 52526K [0x000000076ab00000, 0x0000000779400000, 0x00000007c0000000)
  eden space 48640K, 99% used [0x000000076ab00000,0x000000076da7ffd0,0x000000076da80000)
  from space 4096K, 94% used [0x000000076da80000,0x000000076de4bb20,0x000000076de80000)
  to   space 93696K, 0% used [0x0000000773880000,0x0000000773880000,0x0000000779400000)
 ParOldGen       total 1201664K, used 1076541K [0x00000006c0000000, 0x0000000709580000, 0x000000076ab00000)
  object space 1201664K, 89% used [0x00000006c0000000,0x0000000701b4f708,0x0000000709580000)
 Metaspace       used 20539K, capacity 21037K, committed 21376K, reserved 1069056K
  class space    used 2242K, capacity 2347K, committed 2432K, reserved 1048576K
Event: 106.059 GC heap after
Heap after GC invocations=157 (full 9):
 PSYoungGen      total 135680K, used 7639K [0x000000076ab00000, 0x0000000778b80000, 0x00000007c0000000)
  eden space 50688K, 0% used [0x000000076ab00000,0x000000076ab00000,0x000000076dc80000)
  from space 84992K, 8% used [0x0000000773880000,0x0000000773ff5d90,0x0000000778b80000)
  to   space 89600K, 0% used [0x000000076dc80000,0x000000076dc80000,0x0000000773400000)
 ParOldGen       total 1201664K, used 1076773K [0x00000006c0000000, 0x0000000709580000, 0x000000076ab00000)
  object space 1201664K, 89% used [0x00000006c0000000,0x0000000701b89708,0x0000000709580000)
 Metaspace       used 20539K, capacity 21037K, committed 21376K, reserved 1069056K
  class space    used 2242K, capacity 2347K, committed 2432K, reserved 1048576K
}
Event: 106.745 GC heap before
{Heap before GC invocations=158 (full 9):
 PSYoungGen      total 135680K, used 58327K [0x000000076ab00000, 0x0000000778b80000, 0x00000007c0000000)
  eden space 50688K, 100% used [0x000000076ab00000,0x000000076dc80000,0x000000076dc80000)
  from space 84992K, 8% used [0x0000000773880000,0x0000000773ff5d90,0x0000000778b80000)
  to   space 89600K, 0% used [0x000000076dc80000,0x000000076dc80000,0x0000000773400000)
 ParOldGen       total 1201664K, used 1076773K [0x00000006c0000000, 0x0000000709580000, 0x000000076ab00000)
  object space 1201664K, 89% used [0x00000006c0000000,0x0000000701b89708,0x0000000709580000)
 Metaspace       used 20540K, capacity 21037K, committed 21376K, reserved 1069056K
  class space    used 2242K, capacity 2347K, committed 2432K, reserved 1048576K
Event: 106.755 GC heap after
Heap after GC invocations=158 (full 9):
 PSYoungGen      total 61440K, used 10428K [0x000000076ab00000, 0x0000000778480000, 0x00000007c0000000)
  eden space 50688K, 0% used [0x000000076ab00000,0x000000076ab00000,0x000000076dc80000)
  from space 10752K, 96% used [0x000000076dc80000,0x000000076e6af318,0x000000076e700000)
  to   space 84992K, 0% used [0x0000000773180000,0x0000000773180000,0x0000000778480000)
 ParOldGen       total 1201664K, used 1077189K [0x00000006c0000000, 0x0000000709580000, 0x000000076ab00000)
  object space 1201664K, 89% used [0x00000006c0000000,0x0000000701bf1708,0x0000000709580000)
 Metaspace       used 20540K, capacity 21037K, committed 21376K, reserved 1069056K
  class space    used 2242K, capacity 2347K, committed 2432K, reserved 1048576K
}

