# JRE version: Java(TM) SE Runtime Environment (8.0_31-b13) (build 1.8.0_31-b13)
# Java VM: Java HotSpot(TM) 64-Bit Server VM (25.31-b07 mixed mode bsd-amd64 compressed oops)
Heap:
 PSYoungGen      total 176128K, used 175674K [0x000000076ab00000, 0x00000007a4400000, 0x00000007c0000000)
  eden space 142848K, 99% used [0x000000076ab00000,0x0000000773679510,0x0000000773680000)
  from space 33280K, 98% used [0x0000000773680000,0x0000000775695680,0x0000000775700000)
  to   space 396288K, 7% used [0x000000078c100000,0x000000078de12048,0x00000007a4400000)
 ParOldGen       total 1226752K, used 930863K [0x00000006c0000000, 0x000000070ae00000, 0x000000076ab00000)
  object space 1226752K, 75% used [0x00000006c0000000,0x00000006f8d0bdc0,0x000000070ae00000)
 Metaspace       used 20547K, capacity 21037K, committed 21376K, reserved 1069056K
  class space    used 2242K, capacity 2347K, committed 2432K, reserved 1048576K
GC Heap History (10 events):
Event: 62.627 GC heap after
Heap after GC invocations=59 (full 8):
 PSYoungGen      total 561152K, used 0K [0x000000076ab00000, 0x00000007a8980000, 0x00000007c0000000)
  eden space 123392K, 0% used [0x000000076ab00000,0x000000076ab00000,0x0000000772380000)
  from space 437760K, 0% used [0x0000000772380000,0x0000000772380000,0x000000078cf00000)
  to   space 439296K, 0% used [0x000000078dc80000,0x000000078dc80000,0x00000007a8980000)
 ParOldGen       total 1226752K, used 930823K [0x00000006c0000000, 0x000000070ae00000, 0x000000076ab00000)
  object space 1226752K, 75% used [0x00000006c0000000,0x00000006f8d01dc0,0x000000070ae00000)
 Metaspace       used 18104K, capacity 18558K, committed 18816K, reserved 1067008K
  class space    used 2010K, capacity 2109K, committed 2176K, reserved 1048576K
}
Event: 63.482 GC heap before
{Heap before GC invocations=60 (full 8):
 PSYoungGen      total 561152K, used 123392K [0x000000076ab00000, 0x00000007a8980000, 0x00000007c0000000)
  eden space 123392K, 100% used [0x000000076ab00000,0x0000000772380000,0x0000000772380000)
  from space 437760K, 0% used [0x0000000772380000,0x0000000772380000,0x000000078cf00000)
  to   space 439296K, 0% used [0x000000078dc80000,0x000000078dc80000,0x00000007a8980000)
 ParOldGen       total 1226752K, used 930823K [0x00000006c0000000, 0x000000070ae00000, 0x000000076ab00000)
  object space 1226752K, 75% used [0x00000006c0000000,0x00000006f8d01dc0,0x000000070ae00000)
 Metaspace       used 18454K, capacity 18918K, committed 19072K, reserved 1067008K
  class space    used 2046K, capacity 2143K, committed 2176K, reserved 1048576K
Event: 63.489 GC heap after
Heap after GC invocations=60 (full 8):
 PSYoungGen      total 562688K, used 13215K [0x000000076ab00000, 0x00000007a7f00000, 0x00000007c0000000)
  eden space 134144K, 0% used [0x000000076ab00000,0x000000076ab00000,0x0000000772e00000)
  from space 428544K, 3% used [0x000000078dc80000,0x000000078e967f20,0x00000007a7f00000)
  to   space 434688K, 0% used [0x0000000772e00000,0x0000000772e00000,0x000000078d680000)
 ParOldGen       total 1226752K, used 930831K [0x00000006c0000000, 0x000000070ae00000, 0x000000076ab00000)
  object space 1226752K, 75% used [0x00000006c0000000,0x00000006f8d03dc0,0x000000070ae00000)
 Metaspace       used 18454K, capacity 18918K, committed 19072K, reserved 1067008K
  class space    used 2046K, capacity 2143K, committed 2176K, reserved 1048576K
}
Event: 64.029 GC heap before
{Heap before GC invocations=61 (full 8):
 PSYoungGen      total 562688K, used 147346K [0x000000076ab00000, 0x00000007a7f00000, 0x00000007c0000000)
  eden space 134144K, 99% used [0x000000076ab00000,0x0000000772dfcb78,0x0000000772e00000)
  from space 428544K, 3% used [0x000000078dc80000,0x000000078e967f20,0x00000007a7f00000)
  to   space 434688K, 0% used [0x0000000772e00000,0x0000000772e00000,0x000000078d680000)
 ParOldGen       total 1226752K, used 930831K [0x00000006c0000000, 0x000000070ae00000, 0x000000076ab00000)
  object space 1226752K, 75% used [0x00000006c0000000,0x00000006f8d03dc0,0x000000070ae00000)
 Metaspace       used 19830K, capacity 20328K, committed 20608K, reserved 1067008K
  class space    used 2195K, capacity 2314K, committed 2432K, reserved 1048576K
Event: 64.045 GC heap after
Heap after GC invocations=61 (full 8):
 PSYoungGen      total 180224K, used 45611K [0x000000076ab00000, 0x00000007a6e00000, 0x00000007c0000000)
  eden space 134144K, 0% used [0x000000076ab00000,0x000000076ab00000,0x0000000772e00000)
  from space 46080K, 98% used [0x0000000772e00000,0x0000000775a8ac28,0x0000000775b00000)
  to   space 420864K, 0% used [0x000000078d300000,0x000000078d300000,0x00000007a6e00000)
 ParOldGen       total 1226752K, used 930839K [0x00000006c0000000, 0x000000070ae00000, 0x000000076ab00000)
  object space 1226752K, 75% used [0x00000006c0000000,0x00000006f8d05dc0,0x000000070ae00000)
 Metaspace       used 19830K, capacity 20328K, committed 20608K, reserved 1067008K
  class space    used 2195K, capacity 2314K, committed 2432K, reserved 1048576K
}
Event: 65.029 GC heap before
{Heap before GC invocations=62 (full 8):
 PSYoungGen      total 180224K, used 179755K [0x000000076ab00000, 0x00000007a6e00000, 0x00000007c0000000)
  eden space 134144K, 100% used [0x000000076ab00000,0x0000000772e00000,0x0000000772e00000)
  from space 46080K, 98% used [0x0000000772e00000,0x0000000775a8ac28,0x0000000775b00000)
  to   space 420864K, 0% used [0x000000078d300000,0x000000078d300000,0x00000007a6e00000)
 ParOldGen       total 1226752K, used 930839K [0x00000006c0000000, 0x000000070ae00000, 0x000000076ab00000)
  object space 1226752K, 75% used [0x00000006c0000000,0x00000006f8d05dc0,0x000000070ae00000)
 Metaspace       used 20108K, capacity 20557K, committed 20864K, reserved 1067008K
  class space    used 2197K, capacity 2315K, committed 2432K, reserved 1048576K
Event: 65.043 GC heap after
Heap after GC invocations=62 (full 8):
 PSYoungGen      total 541696K, used 16586K [0x000000076ab00000, 0x00000007a5880000, 0x00000007c0000000)
  eden space 142848K, 0% used [0x000000076ab00000,0x000000076ab00000,0x0000000773680000)
  from space 398848K, 4% used [0x000000078d300000,0x000000078e332908,0x00000007a5880000)
  to   space 410624K, 0% used [0x0000000773680000,0x0000000773680000,0x000000078c780000)
 ParOldGen       total 1226752K, used 930847K [0x00000006c0000000, 0x000000070ae00000, 0x000000076ab00000)
  object space 1226752K, 75% used [0x00000006c0000000,0x00000006f8d07dc0,0x000000070ae00000)
 Metaspace       used 20108K, capacity 20557K, committed 20864K, reserved 1067008K
  class space    used 2197K, capacity 2315K, committed 2432K, reserved 1048576K
}
Event: 65.433 GC heap before
{Heap before GC invocations=63 (full 8):
 PSYoungGen      total 541696K, used 159434K [0x000000076ab00000, 0x00000007a5880000, 0x00000007c0000000)
  eden space 142848K, 100% used [0x000000076ab00000,0x0000000773680000,0x0000000773680000)
  from space 398848K, 4% used [0x000000078d300000,0x000000078e332908,0x00000007a5880000)
  to   space 410624K, 0% used [0x0000000773680000,0x0000000773680000,0x000000078c780000)
 ParOldGen       total 1226752K, used 930847K [0x00000006c0000000, 0x000000070ae00000, 0x000000076ab00000)
  object space 1226752K, 75% used [0x00000006c0000000,0x00000006f8d07dc0,0x000000070ae00000)
 Metaspace       used 20123K, capacity 20557K, committed 20864K, reserved 1067008K
  class space    used 2197K, capacity 2315K, committed 2432K, reserved 1048576K
Event: 65.447 GC heap after
Heap after GC invocations=63 (full 8):
 PSYoungGen      total 176128K, used 32853K [0x000000076ab00000, 0x00000007a4400000, 0x00000007c0000000)
  eden space 142848K, 0% used [0x000000076ab00000,0x000000076ab00000,0x0000000773680000)
  from space 33280K, 98% used [0x0000000773680000,0x0000000775695680,0x0000000775700000)
  to   space 396288K, 0% used [0x000000078c100000,0x000000078c100000,0x00000007a4400000)
 ParOldGen       total 1226752K, used 930855K [0x00000006c0000000, 0x000000070ae00000, 0x000000076ab00000)
  object space 1226752K, 75% used [0x00000006c0000000,0x00000006f8d09dc0,0x000000070ae00000)
 Metaspace       used 20123K, capacity 20557K, committed 20864K, reserved 1067008K
  class space    used 2197K, capacity 2315K, committed 2432K, reserved 1048576K
}
Event: 66.860 GC heap before
{Heap before GC invocations=64 (full 8):
 PSYoungGen      total 176128K, used 175674K [0x000000076ab00000, 0x00000007a4400000, 0x00000007c0000000)
  eden space 142848K, 99% used [0x000000076ab00000,0x0000000773679510,0x0000000773680000)
  from space 33280K, 98% used [0x0000000773680000,0x0000000775695680,0x0000000775700000)
  to   space 396288K, 0% used [0x000000078c100000,0x000000078c100000,0x00000007a4400000)
 ParOldGen       total 1226752K, used 930855K [0x00000006c0000000, 0x000000070ae00000, 0x000000076ab00000)
  object space 1226752K, 75% used [0x00000006c0000000,0x00000006f8d09dc0,0x000000070ae00000)
 Metaspace       used 20547K, capacity 21037K, committed 21376K, reserved 1069056K
  class space    used 2242K, capacity 2347K, committed 2432K, reserved 1048576K

